<?xml version="1.0" encoding="UTF-8"?>
<!-- Generated by org.testng.reporters.JUnitXMLReporter -->
<testsuite hostname="SJO-533JZW2LT" ignored="1" name="Default test" tests="1" failures="0" timestamp="2019-12-10T10:15:36 MST" time="17.133" errors="0">
  <testcase name="goBackToLoginPageTest" time="0.252" classname="com.qa.testcases.ForgotPasswordPageTest"/>
  <testcase name="resetPasswordTest" time="0.0" classname="com.qa.testcases.ForgotPasswordPageTest">
    <ignored/>
  </testcase> <!-- resetPasswordTest -->
</testsuite> <!-- Default test -->
